<?xml version="1.0" encoding="UTF-8"?>
<!-- Generated by org.testng.reporters.JUnitXMLReporter -->
<testsuite hostname="AIPL-PUN-LT-081" ignored="1" name="Hubspot login Test" tests="3" failures="0" timestamp="06 Apr 2020 05:46:43 GMT" time="59.9" errors="0">
  <testcase name="loginPageTest" time="8.341" classname="com.qa.tests.LoginTest"/>
  <testcase name="signUpLinkTest" time="5.915" classname="com.qa.tests.LoginTest"/>
  <testcase name="login1Test" time="8.866" classname="com.qa.tests.LoginTest"/>
  <testcase name="loginTest" time="0.0" classname="com.qa.tests.LoginTest">
    <ignored/>
  </testcase> <!-- loginTest -->
</testsuite> <!-- Hubspot login Test -->
