<?xml version="1.0" encoding="UTF-8"?>
<testng-results skipped="0" failed="0" ignored="1" total="4" passed="3">
  <reporter-output>
  </reporter-output>
  <suite name="Hub Spot automation Suite" duration-ms="59900" started-at="2020-04-06T05:45:44Z" finished-at="2020-04-06T05:46:43Z">
    <groups>
    </groups>
    <test name="Hubspot login Test" duration-ms="59900" started-at="2020-04-06T05:45:44Z" finished-at="2020-04-06T05:46:43Z">
      <class name="com.qa.tests.LoginTest">
        <test-method status="PASS" signature="setUp()[pri:0, instance:com.qa.tests.LoginTest@3b938003]" name="setUp" is-config="true" duration-ms="11685" started-at="2020-04-06T05:45:44Z" finished-at="2020-04-06T05:45:55Z">
          <reporter-output>
          </reporter-output>
        </test-method> <!-- setUp -->
        <test-method status="PASS" signature="loginPageTest()[pri:1, instance:com.qa.tests.LoginTest@3b938003]" name="loginPageTest" duration-ms="8341" started-at="2020-04-06T05:45:55Z" finished-at="2020-04-06T05:46:04Z">
          <reporter-output>
          </reporter-output>
        </test-method> <!-- loginPageTest -->
        <test-method status="PASS" signature="tearDown()[pri:0, instance:com.qa.tests.LoginTest@3b938003]" name="tearDown" is-config="true" duration-ms="654" started-at="2020-04-06T05:46:04Z" finished-at="2020-04-06T05:46:04Z">
          <reporter-output>
          </reporter-output>
        </test-method> <!-- tearDown -->
        <test-method status="PASS" signature="setUp()[pri:0, instance:com.qa.tests.LoginTest@3b938003]" name="setUp" is-config="true" duration-ms="12024" started-at="2020-04-06T05:46:04Z" finished-at="2020-04-06T05:46:16Z">
          <reporter-output>
          </reporter-output>
        </test-method> <!-- setUp -->
        <test-method status="PASS" signature="signUpLinkTest()[pri:2, instance:com.qa.tests.LoginTest@3b938003]" name="signUpLinkTest" duration-ms="5915" started-at="2020-04-06T05:46:16Z" finished-at="2020-04-06T05:46:22Z">
          <reporter-output>
          </reporter-output>
        </test-method> <!-- signUpLinkTest -->
        <test-method status="PASS" signature="tearDown()[pri:0, instance:com.qa.tests.LoginTest@3b938003]" name="tearDown" is-config="true" duration-ms="636" started-at="2020-04-06T05:46:22Z" finished-at="2020-04-06T05:46:23Z">
          <reporter-output>
          </reporter-output>
        </test-method> <!-- tearDown -->
        <test-method status="PASS" signature="setUp()[pri:0, instance:com.qa.tests.LoginTest@3b938003]" name="setUp" is-config="true" duration-ms="10976" started-at="2020-04-06T05:46:23Z" finished-at="2020-04-06T05:46:34Z">
          <reporter-output>
          </reporter-output>
        </test-method> <!-- setUp -->
        <test-method status="PASS" signature="login1Test()[pri:3, instance:com.qa.tests.LoginTest@3b938003]" name="login1Test" duration-ms="8866" started-at="2020-04-06T05:46:34Z" finished-at="2020-04-06T05:46:43Z">
          <reporter-output>
          </reporter-output>
        </test-method> <!-- login1Test -->
        <test-method status="PASS" signature="tearDown()[pri:0, instance:com.qa.tests.LoginTest@3b938003]" name="tearDown" is-config="true" duration-ms="645" started-at="2020-04-06T05:46:43Z" finished-at="2020-04-06T05:46:43Z">
          <reporter-output>
          </reporter-output>
        </test-method> <!-- tearDown -->
      </class> <!-- com.qa.tests.LoginTest -->
    </test> <!-- Hubspot login Test -->
  </suite> <!-- Hub Spot automation Suite -->
</testng-results>
