<?xml version="1.0" encoding="UTF-8"?>
<testng-results skipped="0" failed="0" ignored="1" total="4" passed="3">
  <reporter-output>
  </reporter-output>
  <suite name="Hub Spot automation Suite" duration-ms="55199" started-at="2020-04-06T06:01:47Z" finished-at="2020-04-06T06:02:42Z">
    <groups>
    </groups>
    <test name="Hubspot login Test" duration-ms="55199" started-at="2020-04-06T06:01:47Z" finished-at="2020-04-06T06:02:42Z">
      <class name="com.qa.tests.LoginTest">
        <test-method status="PASS" signature="setUp()[pri:0, instance:com.qa.tests.LoginTest@3b938003]" name="setUp" is-config="true" duration-ms="11127" started-at="2020-04-06T06:01:47Z" finished-at="2020-04-06T06:01:58Z">
          <reporter-output>
          </reporter-output>
        </test-method> <!-- setUp -->
        <test-method status="PASS" signature="loginPageTest()[pri:1, instance:com.qa.tests.LoginTest@3b938003]" name="loginPageTest" duration-ms="5806" started-at="2020-04-06T06:01:58Z" finished-at="2020-04-06T06:02:04Z">
          <reporter-output>
          </reporter-output>
        </test-method> <!-- loginPageTest -->
        <test-method status="PASS" signature="tearDown()[pri:0, instance:com.qa.tests.LoginTest@3b938003]" name="tearDown" is-config="true" duration-ms="643" started-at="2020-04-06T06:02:04Z" finished-at="2020-04-06T06:02:04Z">
          <reporter-output>
          </reporter-output>
        </test-method> <!-- tearDown -->
        <test-method status="PASS" signature="setUp()[pri:0, instance:com.qa.tests.LoginTest@3b938003]" name="setUp" is-config="true" duration-ms="10270" started-at="2020-04-06T06:02:04Z" finished-at="2020-04-06T06:02:15Z">
          <reporter-output>
          </reporter-output>
        </test-method> <!-- setUp -->
        <test-method status="PASS" signature="signUpLinkTest()[pri:2, instance:com.qa.tests.LoginTest@3b938003]" name="signUpLinkTest" duration-ms="5886" started-at="2020-04-06T06:02:15Z" finished-at="2020-04-06T06:02:21Z">
          <reporter-output>
          </reporter-output>
        </test-method> <!-- signUpLinkTest -->
        <test-method status="PASS" signature="tearDown()[pri:0, instance:com.qa.tests.LoginTest@3b938003]" name="tearDown" is-config="true" duration-ms="642" started-at="2020-04-06T06:02:21Z" finished-at="2020-04-06T06:02:21Z">
          <reporter-output>
          </reporter-output>
        </test-method> <!-- tearDown -->
        <test-method status="PASS" signature="setUp()[pri:0, instance:com.qa.tests.LoginTest@3b938003]" name="setUp" is-config="true" duration-ms="10336" started-at="2020-04-06T06:02:21Z" finished-at="2020-04-06T06:02:31Z">
          <reporter-output>
          </reporter-output>
        </test-method> <!-- setUp -->
        <test-method status="PASS" signature="login1Test()[pri:3, instance:com.qa.tests.LoginTest@3b938003]" name="login1Test" duration-ms="9642" started-at="2020-04-06T06:02:31Z" finished-at="2020-04-06T06:02:41Z">
          <reporter-output>
          </reporter-output>
        </test-method> <!-- login1Test -->
        <test-method status="PASS" signature="tearDown()[pri:0, instance:com.qa.tests.LoginTest@3b938003]" name="tearDown" is-config="true" duration-ms="655" started-at="2020-04-06T06:02:41Z" finished-at="2020-04-06T06:02:42Z">
          <reporter-output>
          </reporter-output>
        </test-method> <!-- tearDown -->
      </class> <!-- com.qa.tests.LoginTest -->
    </test> <!-- Hubspot login Test -->
  </suite> <!-- Hub Spot automation Suite -->
</testng-results>
